2025-06-03 00:26:17,168 - INFO - Показано уведомление о 1 предстоящих поставках
2025-06-03 00:26:18,332 - INFO - Показано уведомление о 1 предстоящих поставках
2025-06-03 00:29:29,086 - INFO - Показано уведомление о 1 предстоящих поставках
2025-06-03 00:29:31,013 - INFO - Показано уведомление о 1 предстоящих поставках
2025-06-03 00:35:48,761 - INFO - Показано уведомление о 1 предстоящих поставках
2025-06-03 00:35:49,483 - INFO - Показано уведомление о 1 предстоящих поставках
2025-06-03 00:38:11,755 - INFO - Авторизация: username=admin, role_id=1, role_name=Администратор
2025-06-03 00:38:11,756 - INFO - Проверка роли: role_name=Администратор
2025-06-03 00:38:11,756 - INFO - Меню настроек не добавлено: пользователь не администратор
2025-06-03 00:38:11,757 - INFO - Вкладка Справочники не добавлена: пользователь не администратор
2025-06-03 00:38:14,576 - INFO - Показано уведомление о 1 предстоящих поставках
2025-06-03 00:38:15,342 - INFO - Показано уведомление о 1 предстоящих поставках
2025-06-03 00:38:26,614 - INFO - Генерация отчёта: planned
2025-06-03 00:38:26,882 - INFO - Отчёт отображён: 7 строк
2025-06-03 00:38:26,882 - INFO - Отчёт сгенерирован: planned
2025-06-03 19:45:33,941 - INFO - Авторизация: username=admin, role_id=1, role_name=Администратор
2025-06-03 19:45:33,943 - INFO - Проверка роли: role_name=Администратор
2025-06-03 19:45:33,943 - INFO - Меню настроек не добавлено: пользователь не администратор
2025-06-03 19:45:33,944 - INFO - Вкладка Справочники не добавлена: пользователь не администратор
2025-06-03 19:45:37,641 - INFO - Показано уведомление о 1 предстоящих поставках
2025-06-03 19:45:38,645 - INFO - Показано уведомление о 1 предстоящих поставках
